   0  $accept : programa $end

   1  programa : bloque_comun

   2  bloque_comun : bloque_para_funcion
   3               | llamado_funcion

   4  bloque_para_funcion : IF '(' condicion ')' THEN bloque_comun ELSE bloque_comun END_IF '.'
   5                      | IF '(' condicion ')' THEN bloque_comun END_IF '.'
   6                      | SWITCH '(' IDENTIFICADOR ')' '{' rep_switch '}' '.'
   7                      | BEGIN sentencias END '.'
   8                      | sentencias

   9  sentencias : declaracion sentencias
  10             | asignacion sentencias
  11             | salida sentencias

  12  llamado_funcion : funcion
  13                  | funcion sentencias

  14  funcion : tipo FUNCTION IDENTIFICADOR '{' bloque_para_funcion '(' expresion ')' '.' '}'
  15          | tipo MOVE FUNCTION IDENTIFICADOR '{' bloque_para_funcion '(' expresion ')' '.' '}'

  16  asignacion : IDENTIFICADOR '=' expresion '.'

  17  declaracion : IDENTIFICADOR ':' tipo '.'
  18              | IDENTIFICADOR ',' declaracion

  19  rep_switch : CASE CONSTANTE ':' bloque_comun '.'
  20             | CASE CONSTANTE ':' bloque_comun '.' rep_switch

  21  condicion : expresion operador condicion
  22            | expresion operador termino

  23  operador : '<'
  24           | '>'
  25           | "<="
  26           | ">="
  27           | "<>"
  28           | "=="

  29  expresion : termino '+' expresion
  30            | termino '-' expresion
  31            | termino

  32  termino : factor '*' termino
  33          | factor '/' termino
  34          | factor

  35  factor : IDENTIFICADOR
  36         | CONSTANTE

  37  salida : OUT '(' CADENA ')' '.'

  38  tipo : LONG
  39       | DOUBLE

state 0
	$accept : . programa $end  (0)

	IDENTIFICADOR  shift 1
	IF  shift 2
	BEGIN  shift 3
	OUT  shift 4
	LONG  shift 5
	DOUBLE  shift 6
	SWITCH  shift 7
	.  error

	programa  goto 8
	bloque_comun  goto 9
	bloque_para_funcion  goto 10
	llamado_funcion  goto 11
	sentencias  goto 12
	declaracion  goto 13
	asignacion  goto 14
	salida  goto 15
	funcion  goto 16
	tipo  goto 17


state 1
	asignacion : IDENTIFICADOR . '=' expresion '.'  (16)
	declaracion : IDENTIFICADOR . ':' tipo '.'  (17)
	declaracion : IDENTIFICADOR . ',' declaracion  (18)

	'='  shift 18
	':'  shift 19
	','  shift 20
	.  error


state 2
	bloque_para_funcion : IF . '(' condicion ')' THEN bloque_comun ELSE bloque_comun END_IF '.'  (4)
	bloque_para_funcion : IF . '(' condicion ')' THEN bloque_comun END_IF '.'  (5)

	'('  shift 21
	.  error


state 3
	bloque_para_funcion : BEGIN . sentencias END '.'  (7)

	IDENTIFICADOR  shift 1
	OUT  shift 4
	.  error

	sentencias  goto 22
	declaracion  goto 13
	asignacion  goto 14
	salida  goto 15


state 4
	salida : OUT . '(' CADENA ')' '.'  (37)

	'('  shift 23
	.  error


state 5
	tipo : LONG .  (38)

	.  reduce 38


state 6
	tipo : DOUBLE .  (39)

	.  reduce 39


state 7
	bloque_para_funcion : SWITCH . '(' IDENTIFICADOR ')' '{' rep_switch '}' '.'  (6)

	'('  shift 24
	.  error


state 8
	$accept : programa . $end  (0)

	$end  accept


state 9
	programa : bloque_comun .  (1)

	.  reduce 1


state 10
	bloque_comun : bloque_para_funcion .  (2)

	.  reduce 2


state 11
	bloque_comun : llamado_funcion .  (3)

	.  reduce 3


state 12
	bloque_para_funcion : sentencias .  (8)

	.  reduce 8


state 13
	sentencias : declaracion . sentencias  (9)

	IDENTIFICADOR  shift 1
	OUT  shift 4
	.  error

	sentencias  goto 25
	declaracion  goto 13
	asignacion  goto 14
	salida  goto 15


state 14
	sentencias : asignacion . sentencias  (10)

	IDENTIFICADOR  shift 1
	OUT  shift 4
	.  error

	sentencias  goto 26
	declaracion  goto 13
	asignacion  goto 14
	salida  goto 15


state 15
	sentencias : salida . sentencias  (11)

	IDENTIFICADOR  shift 1
	OUT  shift 4
	.  error

	sentencias  goto 27
	declaracion  goto 13
	asignacion  goto 14
	salida  goto 15


state 16
	llamado_funcion : funcion .  (12)
	llamado_funcion : funcion . sentencias  (13)

	IDENTIFICADOR  shift 1
	OUT  shift 4
	$end  reduce 12
	ELSE  reduce 12
	END_IF  reduce 12
	'.'  reduce 12

	sentencias  goto 28
	declaracion  goto 13
	asignacion  goto 14
	salida  goto 15


state 17
	funcion : tipo . FUNCTION IDENTIFICADOR '{' bloque_para_funcion '(' expresion ')' '.' '}'  (14)
	funcion : tipo . MOVE FUNCTION IDENTIFICADOR '{' bloque_para_funcion '(' expresion ')' '.' '}'  (15)

	FUNCTION  shift 29
	MOVE  shift 30
	.  error


state 18
	asignacion : IDENTIFICADOR '=' . expresion '.'  (16)

	IDENTIFICADOR  shift 31
	CONSTANTE  shift 32
	.  error

	expresion  goto 33
	termino  goto 34
	factor  goto 35


state 19
	declaracion : IDENTIFICADOR ':' . tipo '.'  (17)

	LONG  shift 5
	DOUBLE  shift 6
	.  error

	tipo  goto 36


state 20
	declaracion : IDENTIFICADOR ',' . declaracion  (18)

	IDENTIFICADOR  shift 37
	.  error

	declaracion  goto 38


state 21
	bloque_para_funcion : IF '(' . condicion ')' THEN bloque_comun ELSE bloque_comun END_IF '.'  (4)
	bloque_para_funcion : IF '(' . condicion ')' THEN bloque_comun END_IF '.'  (5)

	IDENTIFICADOR  shift 31
	CONSTANTE  shift 32
	.  error

	condicion  goto 39
	expresion  goto 40
	termino  goto 34
	factor  goto 35


state 22
	bloque_para_funcion : BEGIN sentencias . END '.'  (7)

	END  shift 41
	.  error


state 23
	salida : OUT '(' . CADENA ')' '.'  (37)

	CADENA  shift 42
	.  error


state 24
	bloque_para_funcion : SWITCH '(' . IDENTIFICADOR ')' '{' rep_switch '}' '.'  (6)

	IDENTIFICADOR  shift 43
	.  error


state 25
	sentencias : declaracion sentencias .  (9)

	.  reduce 9


state 26
	sentencias : asignacion sentencias .  (10)

	.  reduce 10


state 27
	sentencias : salida sentencias .  (11)

	.  reduce 11


state 28
	llamado_funcion : funcion sentencias .  (13)

	.  reduce 13


state 29
	funcion : tipo FUNCTION . IDENTIFICADOR '{' bloque_para_funcion '(' expresion ')' '.' '}'  (14)

	IDENTIFICADOR  shift 44
	.  error


state 30
	funcion : tipo MOVE . FUNCTION IDENTIFICADOR '{' bloque_para_funcion '(' expresion ')' '.' '}'  (15)

	FUNCTION  shift 45
	.  error


state 31
	factor : IDENTIFICADOR .  (35)

	.  reduce 35


state 32
	factor : CONSTANTE .  (36)

	.  reduce 36


state 33
	asignacion : IDENTIFICADOR '=' expresion . '.'  (16)

	'.'  shift 46
	.  error


state 34
	expresion : termino . '+' expresion  (29)
	expresion : termino . '-' expresion  (30)
	expresion : termino .  (31)

	'+'  shift 47
	'-'  shift 48
	')'  reduce 31
	'.'  reduce 31
	'<'  reduce 31
	'>'  reduce 31
	"<="  reduce 31
	">="  reduce 31
	"<>"  reduce 31
	"=="  reduce 31


state 35
	termino : factor . '*' termino  (32)
	termino : factor . '/' termino  (33)
	termino : factor .  (34)

	'*'  shift 49
	'/'  shift 50
	')'  reduce 34
	'.'  reduce 34
	'<'  reduce 34
	'>'  reduce 34
	"<="  reduce 34
	">="  reduce 34
	"<>"  reduce 34
	"=="  reduce 34
	'+'  reduce 34
	'-'  reduce 34


state 36
	declaracion : IDENTIFICADOR ':' tipo . '.'  (17)

	'.'  shift 51
	.  error


state 37
	declaracion : IDENTIFICADOR . ':' tipo '.'  (17)
	declaracion : IDENTIFICADOR . ',' declaracion  (18)

	':'  shift 19
	','  shift 20
	.  error


state 38
	declaracion : IDENTIFICADOR ',' declaracion .  (18)

	.  reduce 18


state 39
	bloque_para_funcion : IF '(' condicion . ')' THEN bloque_comun ELSE bloque_comun END_IF '.'  (4)
	bloque_para_funcion : IF '(' condicion . ')' THEN bloque_comun END_IF '.'  (5)

	')'  shift 52
	.  error


state 40
	condicion : expresion . operador condicion  (21)
	condicion : expresion . operador termino  (22)

	'<'  shift 53
	'>'  shift 54
	"<="  shift 55
	">="  shift 56
	"<>"  shift 57
	"=="  shift 58
	.  error

	operador  goto 59


state 41
	bloque_para_funcion : BEGIN sentencias END . '.'  (7)

	'.'  shift 60
	.  error


state 42
	salida : OUT '(' CADENA . ')' '.'  (37)

	')'  shift 61
	.  error


state 43
	bloque_para_funcion : SWITCH '(' IDENTIFICADOR . ')' '{' rep_switch '}' '.'  (6)

	')'  shift 62
	.  error


state 44
	funcion : tipo FUNCTION IDENTIFICADOR . '{' bloque_para_funcion '(' expresion ')' '.' '}'  (14)

	'{'  shift 63
	.  error


state 45
	funcion : tipo MOVE FUNCTION . IDENTIFICADOR '{' bloque_para_funcion '(' expresion ')' '.' '}'  (15)

	IDENTIFICADOR  shift 64
	.  error


state 46
	asignacion : IDENTIFICADOR '=' expresion '.' .  (16)

	.  reduce 16


state 47
	expresion : termino '+' . expresion  (29)

	IDENTIFICADOR  shift 31
	CONSTANTE  shift 32
	.  error

	expresion  goto 65
	termino  goto 34
	factor  goto 35


state 48
	expresion : termino '-' . expresion  (30)

	IDENTIFICADOR  shift 31
	CONSTANTE  shift 32
	.  error

	expresion  goto 66
	termino  goto 34
	factor  goto 35


state 49
	termino : factor '*' . termino  (32)

	IDENTIFICADOR  shift 31
	CONSTANTE  shift 32
	.  error

	termino  goto 67
	factor  goto 35


state 50
	termino : factor '/' . termino  (33)

	IDENTIFICADOR  shift 31
	CONSTANTE  shift 32
	.  error

	termino  goto 68
	factor  goto 35


state 51
	declaracion : IDENTIFICADOR ':' tipo '.' .  (17)

	.  reduce 17


state 52
	bloque_para_funcion : IF '(' condicion ')' . THEN bloque_comun ELSE bloque_comun END_IF '.'  (4)
	bloque_para_funcion : IF '(' condicion ')' . THEN bloque_comun END_IF '.'  (5)

	THEN  shift 69
	.  error


state 53
	operador : '<' .  (23)

	.  reduce 23


state 54
	operador : '>' .  (24)

	.  reduce 24


state 55
	operador : "<=" .  (25)

	.  reduce 25


state 56
	operador : ">=" .  (26)

	.  reduce 26


state 57
	operador : "<>" .  (27)

	.  reduce 27


state 58
	operador : "==" .  (28)

	.  reduce 28


state 59
	condicion : expresion operador . condicion  (21)
	condicion : expresion operador . termino  (22)

	IDENTIFICADOR  shift 31
	CONSTANTE  shift 32
	.  error

	condicion  goto 70
	expresion  goto 40
	termino  goto 71
	factor  goto 35


state 60
	bloque_para_funcion : BEGIN sentencias END '.' .  (7)

	.  reduce 7


state 61
	salida : OUT '(' CADENA ')' . '.'  (37)

	'.'  shift 72
	.  error


state 62
	bloque_para_funcion : SWITCH '(' IDENTIFICADOR ')' . '{' rep_switch '}' '.'  (6)

	'{'  shift 73
	.  error


state 63
	funcion : tipo FUNCTION IDENTIFICADOR '{' . bloque_para_funcion '(' expresion ')' '.' '}'  (14)

	IDENTIFICADOR  shift 1
	IF  shift 2
	BEGIN  shift 3
	OUT  shift 4
	SWITCH  shift 7
	.  error

	bloque_para_funcion  goto 74
	sentencias  goto 12
	declaracion  goto 13
	asignacion  goto 14
	salida  goto 15


state 64
	funcion : tipo MOVE FUNCTION IDENTIFICADOR . '{' bloque_para_funcion '(' expresion ')' '.' '}'  (15)

	'{'  shift 75
	.  error


state 65
	expresion : termino '+' expresion .  (29)

	.  reduce 29


state 66
	expresion : termino '-' expresion .  (30)

	.  reduce 30


state 67
	termino : factor '*' termino .  (32)

	.  reduce 32


state 68
	termino : factor '/' termino .  (33)

	.  reduce 33


state 69
	bloque_para_funcion : IF '(' condicion ')' THEN . bloque_comun ELSE bloque_comun END_IF '.'  (4)
	bloque_para_funcion : IF '(' condicion ')' THEN . bloque_comun END_IF '.'  (5)

	IDENTIFICADOR  shift 1
	IF  shift 2
	BEGIN  shift 3
	OUT  shift 4
	LONG  shift 5
	DOUBLE  shift 6
	SWITCH  shift 7
	.  error

	bloque_comun  goto 76
	bloque_para_funcion  goto 10
	llamado_funcion  goto 11
	sentencias  goto 12
	declaracion  goto 13
	asignacion  goto 14
	salida  goto 15
	funcion  goto 16
	tipo  goto 17


state 70
	condicion : expresion operador condicion .  (21)

	.  reduce 21


state 71
	condicion : expresion operador termino .  (22)
	expresion : termino . '+' expresion  (29)
	expresion : termino . '-' expresion  (30)
	expresion : termino .  (31)

	'+'  shift 47
	'-'  shift 48
	')'  reduce 22
	'<'  reduce 31
	'>'  reduce 31
	"<="  reduce 31
	">="  reduce 31
	"<>"  reduce 31
	"=="  reduce 31


state 72
	salida : OUT '(' CADENA ')' '.' .  (37)

	.  reduce 37


state 73
	bloque_para_funcion : SWITCH '(' IDENTIFICADOR ')' '{' . rep_switch '}' '.'  (6)

	CASE  shift 77
	.  error

	rep_switch  goto 78


state 74
	funcion : tipo FUNCTION IDENTIFICADOR '{' bloque_para_funcion . '(' expresion ')' '.' '}'  (14)

	'('  shift 79
	.  error


state 75
	funcion : tipo MOVE FUNCTION IDENTIFICADOR '{' . bloque_para_funcion '(' expresion ')' '.' '}'  (15)

	IDENTIFICADOR  shift 1
	IF  shift 2
	BEGIN  shift 3
	OUT  shift 4
	SWITCH  shift 7
	.  error

	bloque_para_funcion  goto 80
	sentencias  goto 12
	declaracion  goto 13
	asignacion  goto 14
	salida  goto 15


state 76
	bloque_para_funcion : IF '(' condicion ')' THEN bloque_comun . ELSE bloque_comun END_IF '.'  (4)
	bloque_para_funcion : IF '(' condicion ')' THEN bloque_comun . END_IF '.'  (5)

	ELSE  shift 81
	END_IF  shift 82
	.  error


state 77
	rep_switch : CASE . CONSTANTE ':' bloque_comun '.'  (19)
	rep_switch : CASE . CONSTANTE ':' bloque_comun '.' rep_switch  (20)

	CONSTANTE  shift 83
	.  error


state 78
	bloque_para_funcion : SWITCH '(' IDENTIFICADOR ')' '{' rep_switch . '}' '.'  (6)

	'}'  shift 84
	.  error


state 79
	funcion : tipo FUNCTION IDENTIFICADOR '{' bloque_para_funcion '(' . expresion ')' '.' '}'  (14)

	IDENTIFICADOR  shift 31
	CONSTANTE  shift 32
	.  error

	expresion  goto 85
	termino  goto 34
	factor  goto 35


state 80
	funcion : tipo MOVE FUNCTION IDENTIFICADOR '{' bloque_para_funcion . '(' expresion ')' '.' '}'  (15)

	'('  shift 86
	.  error


state 81
	bloque_para_funcion : IF '(' condicion ')' THEN bloque_comun ELSE . bloque_comun END_IF '.'  (4)

	IDENTIFICADOR  shift 1
	IF  shift 2
	BEGIN  shift 3
	OUT  shift 4
	LONG  shift 5
	DOUBLE  shift 6
	SWITCH  shift 7
	.  error

	bloque_comun  goto 87
	bloque_para_funcion  goto 10
	llamado_funcion  goto 11
	sentencias  goto 12
	declaracion  goto 13
	asignacion  goto 14
	salida  goto 15
	funcion  goto 16
	tipo  goto 17


state 82
	bloque_para_funcion : IF '(' condicion ')' THEN bloque_comun END_IF . '.'  (5)

	'.'  shift 88
	.  error


state 83
	rep_switch : CASE CONSTANTE . ':' bloque_comun '.'  (19)
	rep_switch : CASE CONSTANTE . ':' bloque_comun '.' rep_switch  (20)

	':'  shift 89
	.  error


state 84
	bloque_para_funcion : SWITCH '(' IDENTIFICADOR ')' '{' rep_switch '}' . '.'  (6)

	'.'  shift 90
	.  error


state 85
	funcion : tipo FUNCTION IDENTIFICADOR '{' bloque_para_funcion '(' expresion . ')' '.' '}'  (14)

	')'  shift 91
	.  error


state 86
	funcion : tipo MOVE FUNCTION IDENTIFICADOR '{' bloque_para_funcion '(' . expresion ')' '.' '}'  (15)

	IDENTIFICADOR  shift 31
	CONSTANTE  shift 32
	.  error

	expresion  goto 92
	termino  goto 34
	factor  goto 35


state 87
	bloque_para_funcion : IF '(' condicion ')' THEN bloque_comun ELSE bloque_comun . END_IF '.'  (4)

	END_IF  shift 93
	.  error


state 88
	bloque_para_funcion : IF '(' condicion ')' THEN bloque_comun END_IF '.' .  (5)

	.  reduce 5


state 89
	rep_switch : CASE CONSTANTE ':' . bloque_comun '.'  (19)
	rep_switch : CASE CONSTANTE ':' . bloque_comun '.' rep_switch  (20)

	IDENTIFICADOR  shift 1
	IF  shift 2
	BEGIN  shift 3
	OUT  shift 4
	LONG  shift 5
	DOUBLE  shift 6
	SWITCH  shift 7
	.  error

	bloque_comun  goto 94
	bloque_para_funcion  goto 10
	llamado_funcion  goto 11
	sentencias  goto 12
	declaracion  goto 13
	asignacion  goto 14
	salida  goto 15
	funcion  goto 16
	tipo  goto 17


state 90
	bloque_para_funcion : SWITCH '(' IDENTIFICADOR ')' '{' rep_switch '}' '.' .  (6)

	.  reduce 6


state 91
	funcion : tipo FUNCTION IDENTIFICADOR '{' bloque_para_funcion '(' expresion ')' . '.' '}'  (14)

	'.'  shift 95
	.  error


state 92
	funcion : tipo MOVE FUNCTION IDENTIFICADOR '{' bloque_para_funcion '(' expresion . ')' '.' '}'  (15)

	')'  shift 96
	.  error


state 93
	bloque_para_funcion : IF '(' condicion ')' THEN bloque_comun ELSE bloque_comun END_IF . '.'  (4)

	'.'  shift 97
	.  error


state 94
	rep_switch : CASE CONSTANTE ':' bloque_comun . '.'  (19)
	rep_switch : CASE CONSTANTE ':' bloque_comun . '.' rep_switch  (20)

	'.'  shift 98
	.  error


state 95
	funcion : tipo FUNCTION IDENTIFICADOR '{' bloque_para_funcion '(' expresion ')' '.' . '}'  (14)

	'}'  shift 99
	.  error


state 96
	funcion : tipo MOVE FUNCTION IDENTIFICADOR '{' bloque_para_funcion '(' expresion ')' . '.' '}'  (15)

	'.'  shift 100
	.  error


state 97
	bloque_para_funcion : IF '(' condicion ')' THEN bloque_comun ELSE bloque_comun END_IF '.' .  (4)

	.  reduce 4


state 98
	rep_switch : CASE CONSTANTE ':' bloque_comun '.' .  (19)
	rep_switch : CASE CONSTANTE ':' bloque_comun '.' . rep_switch  (20)

	CASE  shift 77
	'}'  reduce 19

	rep_switch  goto 101


state 99
	funcion : tipo FUNCTION IDENTIFICADOR '{' bloque_para_funcion '(' expresion ')' '.' '}' .  (14)

	.  reduce 14


state 100
	funcion : tipo MOVE FUNCTION IDENTIFICADOR '{' bloque_para_funcion '(' expresion ')' '.' . '}'  (15)

	'}'  shift 102
	.  error


state 101
	rep_switch : CASE CONSTANTE ':' bloque_comun '.' rep_switch .  (20)

	.  reduce 20


state 102
	funcion : tipo MOVE FUNCTION IDENTIFICADOR '{' bloque_para_funcion '(' expresion ')' '.' '}' .  (15)

	.  reduce 15


37 terminals, 17 nonterminals
40 grammar rules, 103 states
